f:\oiui\ex\x64\release\vc143.pdb
f:\oiui\ex\x64\release\triggerbot.obj
f:\oiui\ex\x64\release\skinchanger.obj
f:\oiui\ex\x64\release\radarhack.obj
f:\oiui\ex\x64\release\noflash.obj
f:\oiui\ex\x64\release\memory.obj
f:\oiui\ex\x64\release\imgui_widgets.obj
f:\oiui\ex\x64\release\imgui_tables.obj
f:\oiui\ex\x64\release\imgui_impl_win32.obj
f:\oiui\ex\x64\release\imgui_impl_dx9.obj
f:\oiui\ex\x64\release\imgui_draw.obj
f:\oiui\ex\x64\release\imgui_demo.obj
f:\oiui\ex\x64\release\imgui.obj
f:\oiui\ex\x64\release\esp.obj
f:\oiui\ex\x64\release\entity.obj
f:\oiui\ex\x64\release\dllmain.obj
f:\oiui\ex\x64\release\config.obj
f:\oiui\ex\x64\release\aimbot.obj
f:\oiui\x64\release\ex.dll
f:\oiui\ex\x64\release\ex.tlog\cl.command.1.tlog
f:\oiui\ex\x64\release\ex.tlog\cl.items.tlog
f:\oiui\ex\x64\release\ex.tlog\cl.read.1.tlog
f:\oiui\ex\x64\release\ex.tlog\cl.write.1.tlog
f:\oiui\ex\x64\release\ex.tlog\link.command.1.tlog
f:\oiui\ex\x64\release\ex.tlog\link.read.1.tlog
f:\oiui\ex\x64\release\ex.tlog\link.secondary.1.tlog
f:\oiui\ex\x64\release\ex.tlog\link.write.1.tlog
